<?xml version="1.0" encoding="UTF-8"?>
<!-- Generated by org.testng.reporters.JUnitXMLReporter -->
<testsuite hostname="DESKTOP-MUUF13S" ignored="4" name="Test" tests="3" failures="0" timestamp="29 Jan 2022 17:15:48 GMT" time="14.235" errors="0">
  <testcase name="verifyLogin" time="8.018" classname="testCase.TC001Login"/>
  <testcase name="AddPayee" time="2.672" classname="testCase.TC002AddNewPayee"/>
  <testcase name="payBillSprint" time="2.33" classname="testCase.TC003PayBillSprint"/>
  <testcase name="@AfterSuite tearDown" time="0.0" classname="base.BaseClass">
    <ignored/>
  </testcase> <!-- @AfterSuite tearDown -->
  <testcase name="@AfterSuite tearDown" time="0.0" classname="base.BaseClass">
    <ignored/>
  </testcase> <!-- @AfterSuite tearDown -->
  <testcase name="@BeforeSuite init" time="0.0" classname="base.BaseClass">
    <ignored/>
  </testcase> <!-- @BeforeSuite init -->
  <testcase name="@BeforeSuite init" time="0.0" classname="base.BaseClass">
    <ignored/>
  </testcase> <!-- @BeforeSuite init -->
</testsuite> <!-- Test -->
