<?xml version="1.0" encoding="UTF-8"?>
<!-- Generated by org.testng.reporters.JUnitXMLReporter -->
<testsuite hostname="DESKTOP-MUUF13S" ignored="4" name="Test" tests="3" failures="0" timestamp="05 Feb 2022 03:03:27 GMT" time="12.89" errors="0">
  <testcase name="verifyLogin" time="7.641" classname="testCase.TC001Login"/>
  <testcase name="AddPayee" time="2.285" classname="testCase.TC002AddNewPayee"/>
  <testcase name="payBillSprint" time="1.995" classname="testCase.TC003PayBillSprint"/>
  <testcase name="@AfterSuite tearDown" time="0.0" classname="base.BaseClass">
    <ignored/>
  </testcase> <!-- @AfterSuite tearDown -->
  <testcase name="@AfterSuite tearDown" time="0.0" classname="base.BaseClass">
    <ignored/>
  </testcase> <!-- @AfterSuite tearDown -->
  <testcase name="@BeforeSuite init" time="0.0" classname="base.BaseClass">
    <ignored/>
  </testcase> <!-- @BeforeSuite init -->
  <testcase name="@BeforeSuite init" time="0.0" classname="base.BaseClass">
    <ignored/>
  </testcase> <!-- @BeforeSuite init -->
</testsuite> <!-- Test -->
